make all --print-data-base --no-builtin-variables --no-builtin-rules --question
# GNU Make 4.3
# Built for arm-unknown-linux-gnueabihf
# Copyright (C) 1988-2020 Free Software Foundation, Inc.
# License GPLv3+: GNU GPL version 3 or later <http://gnu.org/licenses/gpl.html>
# This is free software: you are free to change and redistribute it.
# There is NO WARRANTY, to the extent permitted by law.

# Make data base, printed on Sun Jul 31 09:28:54 2022

# Variables

# environment
LC_ALL = C
# environment
NO_AT_BRIDGE = 1
# environment
VSCODE_CWD = /home/pi
# environment
TEXTDOMAIN = Linux-PAM
# default
MAKE_COMMAND := make
# environment
VSCODE_HANDLES_SIGPIPE = true
# automatic
@D = $(patsubst %/,%,$(dir $@))
# environment
VSCODE_HANDLES_UNCAUGHT_ERRORS = true
# default
.VARIABLES := 
# environment
PWD = /home/pi/Desktop/oled_show
# automatic
%D = $(patsubst %/,%,$(dir $%))
# automatic
^D = $(patsubst %/,%,$(dir $^))
# automatic
%F = $(notdir $%)
# environment
LANG = C
# default
.LOADED := 
# default
.INCLUDE_DIRS = /usr/local/include /usr/include /usr/include
# makefile (from 'Makefile', line 61)
CMAKE_COMMAND = /usr/bin/cmake
# makefile
MAKEFLAGS = pqrR
# environment
PKG_CONFIG_PATH = :/usr/local/lib/pkgconfig
# makefile
CURDIR := /home/pi/Desktop/oled_show
# environment
APPLICATION_INSIGHTS_NO_DIAGNOSTIC_CHANNEL = 1
# automatic
*D = $(patsubst %/,%,$(dir $*))
# environment
MFLAGS = -pqrR
# default
.SHELLFLAGS := -c
# automatic
+D = $(patsubst %/,%,$(dir $+))
# makefile (from 'Makefile', line 1)
MAKEFILE_LIST := Makefile
# makefile (from 'Makefile', line 73)
CMAKE_BINARY_DIR = /home/pi/Desktop/oled_show
# automatic
@F = $(notdir $@)
# environment
XDG_SESSION_TYPE = tty
# automatic
?D = $(patsubst %/,%,$(dir $?))
# makefile (from 'Makefile', line 70)
CMAKE_SOURCE_DIR = /home/pi/Desktop/oled_show
# automatic
*F = $(notdir $*)
# environment
DBUS_SESSION_BUS_ADDRESS = unix:path=/run/user/1000/bus
# automatic
<D = $(patsubst %/,%,$(dir $<))
# environment
VSCODE_NLS_CONFIG = {"locale":"zh-cn","availableLanguages":{}}
# default
MAKE_HOST := arm-unknown-linux-gnueabihf
# makefile (from 'Makefile', line 58)
SHELL = /bin/sh
# default
MAKECMDGOALS := all
# environment
SHLVL = 0
# environment
MAKELEVEL := 0
# default
MAKE = $(MAKE_COMMAND)
# environment
PATH = /home/pi/.vscode-server/bin/3b889b090b5ad5793f524b5d1d39fda662b96a2a/bin/remote-cli:/home/pi/.local/bin:/home/pi/.local/bin:/usr/local/sbin:/usr/local/bin:/usr/sbin:/usr/bin:/sbin:/bin:/usr/local/games:/usr/games
# default
MAKEFILES := 
# environment
LANGUAGE = zh_CN.UTF-8
# environment
MOTD_SHOWN = pam
# automatic
^F = $(notdir $^)
# environment
SSH_CLIENT = 192.168.43.82 23863 22
# automatic
?F = $(notdir $?)
# environment
LS_COLORS = 
# automatic
+F = $(notdir $+)
# 'override' directive
GNUMAKEFLAGS := 
# environment
BROWSER = /home/pi/.vscode-server/bin/3b889b090b5ad5793f524b5d1d39fda662b96a2a/bin/helpers/browser.sh
# makefile (from 'Makefile', line 67)
EQUALS = =
# environment
LOGNAME = pi
# makefile
.DEFAULT_GOAL := default_target
# makefile (from 'Makefile', line 64)
RM = /usr/bin/cmake -E rm -f
# environment
USER = pi
# default
MAKE_VERSION := 4.3
# environment
VSCODE_AGENT_FOLDER = /home/pi/.vscode-server
# makefile (from 'Makefile', line 44)
MAKESILENT = -s
# environment
_ = /home/pi/.vscode-server/bin/3b889b090b5ad5793f524b5d1d39fda662b96a2a/node
# environment
XDG_RUNTIME_DIR = /run/user/1000
# environment
VSCODE_IPC_HOOK_CLI = /run/user/1000/vscode-ipc-048eb967-da2f-4a7a-b1cf-d46aef7605c7.sock
# environment
XDG_SESSION_CLASS = user
# environment
VSCODE_AMD_ENTRYPOINT = vs/workbench/api/node/extensionHostProcess
# environment
HOME = /home/pi
# environment
ELECTRON_RUN_AS_NODE = 1
# environment
XDG_SESSION_ID = 4
# default
.RECIPEPREFIX := 
# automatic
<F = $(notdir $<)
# default
SUFFIXES := 
# default
.FEATURES := target-specific order-only second-expansion else-if shortest-stem undefine oneshell nocomment grouped-target extra-prereqs archives jobserver output-sync check-symlink load
# environment
SSH_CONNECTION = 192.168.43.82 23863 192.168.43.101 22
# variable set hash-table stats:
# Load=73/1024=7%, Rehash=0, Collisions=1/112=1%

# Pattern-specific Variable Values

# No pattern-specific variable values.

# Directories

# RCS: could not be stat'd.
# SCCS: could not be stat'd.
# . (device 45826, inode 544184): 15 files, no impossibilities.

# 15 files, no impossibilities in 3 directories.

# Implicit Rules

%: %,v

%: RCS/%

%: RCS/%,v

%: SCCS/s.%

%: s.%

%.hpux_make_needs_suffix_list:

# 6 implicit rules, 0 (0.0%) terminal.
# Files

src/sys_status.c.i:
#  Phony target (prerequisite of .PHONY).
#  Implicit rule search has not been done.
#  File does not exist.
#  File has not been updated.
#  recipe to execute (from 'Makefile', line 214):
	$(MAKE) $(MAKESILENT) -f CMakeFiles/oled_i2c_show_status.dir/build.make CMakeFiles/oled_i2c_show_status.dir/src/sys_status.c.i

src/main.i: src/main.c.i
#  Phony target (prerequisite of .PHONY).
#  Implicit rule search has not been done.
#  File does not exist.
#  File has not been updated.

depend:
#  Phony target (prerequisite of .PHONY).
#  Implicit rule search has not been done.
#  File does not exist.
#  File has not been updated.
#  recipe to execute (from 'Makefile', line 129):
	$(CMAKE_COMMAND) -S$(CMAKE_SOURCE_DIR) -B$(CMAKE_BINARY_DIR) --check-build-system CMakeFiles/Makefile.cmake 1

src/main.s: src/main.c.s
#  Phony target (prerequisite of .PHONY).
#  Implicit rule search has not been done.
#  File does not exist.
#  File has not been updated.

default_target: all
#  Phony target (prerequisite of .PHONY).
#  Implicit rule search has not been done.
#  File does not exist.
#  File has not been updated.

oled_i2c_show_status/fast:
#  Phony target (prerequisite of .PHONY).
#  Implicit rule search has not been done.
#  File does not exist.
#  File has not been updated.
#  recipe to execute (from 'Makefile', line 142):
	$(MAKE) $(MAKESILENT) -f CMakeFiles/oled_i2c_show_status.dir/build.make CMakeFiles/oled_i2c_show_status.dir/build

src/ssd1306.c.i:
#  Phony target (prerequisite of .PHONY).
#  Implicit rule search has not been done.
#  File does not exist.
#  File has not been updated.
#  recipe to execute (from 'Makefile', line 187):
	$(MAKE) $(MAKESILENT) -f CMakeFiles/oled_i2c_show_status.dir/build.make CMakeFiles/oled_i2c_show_status.dir/src/ssd1306.c.i

edit_cache/fast: edit_cache
#  Phony target (prerequisite of .PHONY).
#  Implicit rule search has not been done.
#  File does not exist.
#  File has not been updated.

src/main.c.i:
#  Phony target (prerequisite of .PHONY).
#  Implicit rule search has not been done.
#  File does not exist.
#  File has not been updated.
#  recipe to execute (from 'Makefile', line 160):
	$(MAKE) $(MAKESILENT) -f CMakeFiles/oled_i2c_show_status.dir/build.make CMakeFiles/oled_i2c_show_status.dir/src/main.c.i

src/ssd1306.o: src/ssd1306.c.o
#  Phony target (prerequisite of .PHONY).
#  Implicit rule search has not been done.
#  File does not exist.
#  File has not been updated.

src/main.c.o:
#  Phony target (prerequisite of .PHONY).
#  Implicit rule search has not been done.
#  File does not exist.
#  File has not been updated.
#  recipe to execute (from 'Makefile', line 151):
	$(MAKE) $(MAKESILENT) -f CMakeFiles/oled_i2c_show_status.dir/build.make CMakeFiles/oled_i2c_show_status.dir/src/main.c.o

src/sys_status.o: src/sys_status.c.o
#  Phony target (prerequisite of .PHONY).
#  Implicit rule search has not been done.
#  File does not exist.
#  File has not been updated.

# Not a target:
Makefile:
#  Implicit rule search has been done.
 
#  Last modified 2022-07-30 19:25:55.922053734
#  File has been updated.
#  Successfully updated.

rebuild_cache:
#  Phony target (prerequisite of .PHONY).
#  Implicit rule search has not been done.
#  File does not exist.
#  File has not been updated.
#  recipe to execute (from 'Makefile', line 80):
	@$(CMAKE_COMMAND) -E cmake_echo_color --switch=$(COLOR) --cyan "Running CMake to regenerate build system..."
	/usr/bin/cmake --regenerate-during-build -S$(CMAKE_SOURCE_DIR) -B$(CMAKE_BINARY_DIR)

src/sys_status.i: src/sys_status.c.i
#  Phony target (prerequisite of .PHONY).
#  Implicit rule search has not been done.
#  File does not exist.
#  File has not been updated.

.SILENT:
#  Implicit rule search has not been done.
#  Modification time never checked.
#  File has not been updated.

oled_i2c_show_status: cmake_check_build_system
#  Phony target (prerequisite of .PHONY).
#  Implicit rule search has not been done.
#  File does not exist.
#  File has not been updated.
#  recipe to execute (from 'Makefile', line 137):
	$(MAKE) $(MAKESILENT) -f CMakeFiles/Makefile2 oled_i2c_show_status

clean:
#  Phony target (prerequisite of .PHONY).
#  Implicit rule search has not been done.
#  File does not exist.
#  File has not been updated.
#  recipe to execute (from 'Makefile', line 109):
	$(MAKE) $(MAKESILENT) -f CMakeFiles/Makefile2 clean

cmake_force:
#  Phony target (prerequisite of .PHONY).
#  Implicit rule search has not been done.
#  File does not exist.
#  File has not been updated.

preinstall/fast:
#  Phony target (prerequisite of .PHONY).
#  Implicit rule search has not been done.
#  File does not exist.
#  File has not been updated.
#  recipe to execute (from 'Makefile', line 124):
	$(MAKE) $(MAKESILENT) -f CMakeFiles/Makefile2 preinstall

edit_cache:
#  Phony target (prerequisite of .PHONY).
#  Implicit rule search has not been done.
#  File does not exist.
#  File has not been updated.
#  recipe to execute (from 'Makefile', line 91):
	@$(CMAKE_COMMAND) -E cmake_echo_color --switch=$(COLOR) --cyan "No interactive CMake dialog available..."
	/usr/bin/cmake -E echo No\ interactive\ CMake\ dialog\ available.

src/main.c.s:
#  Phony target (prerequisite of .PHONY).
#  Implicit rule search has not been done.
#  File does not exist.
#  File has not been updated.
#  recipe to execute (from 'Makefile', line 169):
	$(MAKE) $(MAKESILENT) -f CMakeFiles/oled_i2c_show_status.dir/build.make CMakeFiles/oled_i2c_show_status.dir/src/main.c.s

rebuild_cache/fast: rebuild_cache
#  Phony target (prerequisite of .PHONY).
#  Implicit rule search has not been done.
#  File does not exist.
#  File has not been updated.

# Not a target:
.hpux_make_needs_suffix_list:
#  Implicit rule search has not been done.
#  Modification time never checked.
#  File has not been updated.

preinstall: all
#  Phony target (prerequisite of .PHONY).
#  Implicit rule search has not been done.
#  File does not exist.
#  File has not been updated.
#  recipe to execute (from 'Makefile', line 119):
	$(MAKE) $(MAKESILENT) -f CMakeFiles/Makefile2 preinstall

src/main.o: src/main.c.o
#  Phony target (prerequisite of .PHONY).
#  Implicit rule search has not been done.
#  File does not exist.
#  File has not been updated.

# Not a target:
.DEFAULT:
#  Implicit rule search has not been done.
#  Modification time never checked.
#  File has not been updated.

src/ssd1306.s: src/ssd1306.c.s
#  Phony target (prerequisite of .PHONY).
#  Implicit rule search has not been done.
#  File does not exist.
#  File has not been updated.

all: cmake_check_build_system
#  Phony target (prerequisite of .PHONY).
#  Command line target.
#  Implicit rule search has not been done.
#  File does not exist.
#  File has been updated.
#  Needs to be updated (-q is set).
# variable set hash-table stats:
# Load=0/32=0%, Rehash=0, Collisions=0/6=0%
#  recipe to execute (from 'Makefile', line 102):
	$(CMAKE_COMMAND) -E cmake_progress_start /home/pi/Desktop/oled_show/CMakeFiles /home/pi/Desktop/oled_show//CMakeFiles/progress.marks
	$(MAKE) $(MAKESILENT) -f CMakeFiles/Makefile2 all
	$(CMAKE_COMMAND) -E cmake_progress_start /home/pi/Desktop/oled_show/CMakeFiles 0

src/ssd1306.i: src/ssd1306.c.i
#  Phony target (prerequisite of .PHONY).
#  Implicit rule search has not been done.
#  File does not exist.
#  File has not been updated.

help:
#  Phony target (prerequisite of .PHONY).
#  Implicit rule search has not been done.
#  File does not exist.
#  File has not been updated.
#  recipe to execute (from 'Makefile', line 228):
	@echo "The following are some of the valid targets for this Makefile:"
	@echo "... all (the default if no target is provided)"
	@echo "... clean"
	@echo "... depend"
	@echo "... edit_cache"
	@echo "... rebuild_cache"
	@echo "... oled_i2c_show_status"
	@echo "... src/main.o"
	@echo "... src/main.i"
	@echo "... src/main.s"
	@echo "... src/ssd1306.o"
	@echo "... src/ssd1306.i"
	@echo "... src/ssd1306.s"
	@echo "... src/sys_status.o"
	@echo "... src/sys_status.i"
	@echo "... src/sys_status.s"

clean/fast: clean
#  Phony target (prerequisite of .PHONY).
#  Implicit rule search has not been done.
#  File does not exist.
#  File has not been updated.

src/sys_status.s: src/sys_status.c.s
#  Phony target (prerequisite of .PHONY).
#  Implicit rule search has not been done.
#  File does not exist.
#  File has not been updated.

.NOTPARALLEL:
#  Implicit rule search has not been done.
#  Modification time never checked.
#  File has not been updated.

src/sys_status.c.o:
#  Phony target (prerequisite of .PHONY).
#  Implicit rule search has not been done.
#  File does not exist.
#  File has not been updated.
#  recipe to execute (from 'Makefile', line 205):
	$(MAKE) $(MAKESILENT) -f CMakeFiles/oled_i2c_show_status.dir/build.make CMakeFiles/oled_i2c_show_status.dir/src/sys_status.c.o

src/sys_status.c.s:
#  Phony target (prerequisite of .PHONY).
#  Implicit rule search has not been done.
#  File does not exist.
#  File has not been updated.
#  recipe to execute (from 'Makefile', line 223):
	$(MAKE) $(MAKESILENT) -f CMakeFiles/oled_i2c_show_status.dir/build.make CMakeFiles/oled_i2c_show_status.dir/src/sys_status.c.s

src/ssd1306.c.o:
#  Phony target (prerequisite of .PHONY).
#  Implicit rule search has not been done.
#  File does not exist.
#  File has not been updated.
#  recipe to execute (from 'Makefile', line 178):
	$(MAKE) $(MAKESILENT) -f CMakeFiles/oled_i2c_show_status.dir/build.make CMakeFiles/oled_i2c_show_status.dir/src/ssd1306.c.o

cmake_check_build_system:
#  Phony target (prerequisite of .PHONY).
#  Implicit rule search has not been done.
#  Implicit/static pattern stem: ''
#  File does not exist.
#  File has been updated.
#  Needs to be updated (-q is set).
# automatic
# @ := cmake_check_build_system
# automatic
# * := 
# automatic
# < := 
# automatic
# + := 
# automatic
# % := 
# automatic
# ^ := 
# automatic
# ? := 
# automatic
# | := 
# variable set hash-table stats:
# Load=8/32=25%, Rehash=0, Collisions=1/14=7%
#  recipe to execute (from 'Makefile', line 255):
	$(CMAKE_COMMAND) -S$(CMAKE_SOURCE_DIR) -B$(CMAKE_BINARY_DIR) --check-build-system CMakeFiles/Makefile.cmake 0

.SUFFIXES: .hpux_make_needs_suffix_list
#  Implicit rule search has not been done.
#  Modification time never checked.
#  File has not been updated.

.PHONY: default_target cmake_force rebuild_cache rebuild_cache/fast edit_cache edit_cache/fast all clean clean/fast preinstall preinstall/fast depend oled_i2c_show_status oled_i2c_show_status/fast src/main.o src/main.c.o src/main.i src/main.c.i src/main.s src/main.c.s src/ssd1306.o src/ssd1306.c.o src/ssd1306.i src/ssd1306.c.i src/ssd1306.s src/ssd1306.c.s src/sys_status.o src/sys_status.c.o src/sys_status.i src/sys_status.c.i src/sys_status.s src/sys_status.c.s help cmake_check_build_system
#  Implicit rule search has not been done.
#  Modification time never checked.
#  File has not been updated.

src/ssd1306.c.s:
#  Phony target (prerequisite of .PHONY).
#  Implicit rule search has not been done.
#  File does not exist.
#  File has not been updated.
#  recipe to execute (from 'Makefile', line 196):
	$(MAKE) $(MAKESILENT) -f CMakeFiles/oled_i2c_show_status.dir/build.make CMakeFiles/oled_i2c_show_status.dir/src/ssd1306.c.s

# files hash-table stats:
# Load=41/1024=4%, Rehash=0, Collisions=4/149=3%
# VPATH Search Paths

# No 'vpath' search paths.

# No general ('VPATH' variable) search path.

# strcache buffers: 1 (0) / strings = 65 / storage = 808 B / avg = 12 B
# current buf: size = 8174 B / used = 808 B / count = 65 / avg = 12 B

# strcache performance: lookups = 233 / hit rate = 72%
# hash-table stats:
# Load=65/8192=1%, Rehash=0, Collisions=0/233=0%
# Finished Make data base on Sun Jul 31 09:28:54 2022

 
